<?xml version="1.0" encoding="UTF-8"?>
<testsuite xmlns:xsi="http://www.w3.org/2001/XMLSchema-instance" xsi:noNamespaceSchemaLocation="https://maven.apache.org/surefire/maven-surefire-plugin/xsd/surefire-test-report-3.0.xsd" version="3.0" name="helloworld.AppTest" time="1.884" tests="1" errors="0" skipped="0" failures="0">
  <properties>
[...]
</properties>
  <testcase name="successfulResponse" classname="helloworld.AppTest" time="1.811">
    <system-out><![CDATA[{"timestamp":"2023-09-06T18:30:16.145+0100BST","instant":{"epochSecond":1694021416,"nanoOfSecond":145443000},"thread":"main","level":"INFO","loggerName":"com.datatransformation.App","message":"Retrieving https://checkip.amazonaws.com","endOfBatch":false,"loggerFqcn":"org.apache.logging.log4j.spi.AbstractLogger","threadId":1,"threadPriority":5}
]]></system-out>
    <system-err><![CDATA[Sept 06, 2023 6:30:16 PM com.amazonaws.xray.contexts.LambdaSegmentContext newFacadeSegment
WARNING: _X_AMZN_TRACE_ID is missing a trace ID, parent ID, or sampling decision. Subsegment ## handleRequest discarded.
]]></system-err>
  </testcase>
</testsuite>